Build started 18/8/2025 10:47:31 pm.
Logging verbosity is set to: Normal.     1>Project "C:\Programming\Team13WIUSol\Team13WIU\Team13WIU.vcxproj" on node 2 (Build target(s)).
     1>PrepareForBuild:
         Structured output is enabled. The formatting of compiler diagnostics will reflect the error hierarchy. See https://aka.ms/cpp/structured-output for more details.
         Creating directory "C:\Programming\Team13WIUSol\x64\Debug\".
         Creating directory "x64\Debug\Team13WIU.tlog\".
       InitializeBuildStatus:
         Creating "x64\Debug\Team13WIU.tlog\unsuccessfulbuild" because "AlwaysCreate" was specified.
         Touching "x64\Debug\Team13WIU.tlog\unsuccessfulbuild".
       ClCompile:
         C:\Program Files\Microsoft Files\Microsoft Visual Studio\VC\Tools\MSVC\14.43.34808\bin\HostX64\x64\CL.exe /c /ZI /JMC /nologo /W3 /WX- /diagnostics:column /sdl /Od /D _DEBUG /D _CONSOLE /D _UNICODE /D UNICODE /Gm- /EHsc /RTC1 /MDd /GS /fp:precise /Zc:wchar_t /Zc:forScope /Zc:inline /permissive- /Fo"x64\Debug\\" /Fd"x64\Debug\vc143.pdb" /external:W3 /Gd /TP /FC /errorReport:prompt main.cpp
         main.cpp
       Link:
         C:\Program Files\Microsoft Files\Microsoft Visual Studio\VC\Tools\MSVC\14.43.34808\bin\HostX64\x64\link.exe /ERRORREPORT:PROMPT /OUT:"C:\Programming\Team13WIUSol\x64\Debug\Team13WIU.exe" /INCREMENTAL /ILK:"x64\Debug\Team13WIU.ilk" /NOLOGO kernel32.lib user32.lib gdi32.lib winspool.lib comdlg32.lib advapi32.lib shell32.lib ole32.lib oleaut32.lib uuid.lib odbc32.lib odbccp32.lib /MANIFEST /MANIFESTUAC:"level='asInvoker' uiAccess='false'" /manifest:embed /DEBUG /PDB:"C:\Programming\Team13WIUSol\x64\Debug\Team13WIU.pdb" /SUBSYSTEM:CONSOLE /TLBID:1 /DYNAMICBASE /NXCOMPAT /IMPLIB:"C:\Programming\Team13WIUSol\x64\Debug\Team13WIU.lib" /MACHINE:X64 x64\Debug\main.obj
         Team13WIU.vcxproj -> C:\Programming\Team13WIUSol\x64\Debug\Team13WIU.exe
       FinalizeBuildStatus:
         Deleting file "x64\Debug\Team13WIU.tlog\unsuccessfulbuild".
         Touching "x64\Debug\Team13WIU.tlog\Team13WIU.lastbuildstate".
     1>Done Building Project "C:\Programming\Team13WIUSol\Team13WIU\Team13WIU.vcxproj" (Build target(s)).

Build succeeded.
    0 Warning(s)
    0 Error(s)

Time Elapsed 00:00:01.31
